# JRE version: OpenJDK Runtime Environment (8.0_76-b03) (build 1.8.0_76-release-b03)
# Java VM: OpenJDK 64-Bit Server VM (25.76-b03 mixed mode windows-amd64 compressed oops)
Heap:
 PSYoungGen      total 488960K, used 66717K [0x00000000d5580000, 0x00000000f6600000, 0x0000000100000000)
  eden space 443904K, 13% used [0x00000000d5580000,0x00000000d9131c40,0x00000000f0700000)
  from space 45056K, 12% used [0x00000000f0700000,0x00000000f0c75918,0x00000000f3300000)
  to   space 32256K, 0% used [0x00000000f3300000,0x00000000f3300000,0x00000000f5280000)
 ParOldGen       total 313856K, used 193003K [0x0000000080000000, 0x0000000093280000, 0x00000000d5580000)
  object space 313856K, 61% used [0x0000000080000000,0x000000008bc7ac28,0x0000000093280000)
 Metaspace       used 74893K, capacity 77784K, committed 77872K, reserved 1116160K
  class space    used 9527K, capacity 10264K, committed 10288K, reserved 1048576K
GC Heap History (10 events):
Event: 358.137 GC heap before
{Heap before GC invocations=28 (full 6):
 PSYoungGen      total 476160K, used 32248K [0x00000000d5580000, 0x00000000f6600000, 0x0000000100000000)
  eden space 443904K, 0% used [0x00000000d5580000,0x00000000d5580000,0x00000000f0700000)
  from space 32256K, 99% used [0x00000000f3300000,0x00000000f527e0a8,0x00000000f5280000)
  to   space 45056K, 0% used [0x00000000f0700000,0x00000000f0700000,0x00000000f3300000)
 ParOldGen       total 180736K, used 151412K [0x0000000080000000, 0x000000008b080000, 0x00000000d5580000)
  object space 180736K, 83% used [0x0000000080000000,0x00000000893dd108,0x000000008b080000)
 Metaspace       used 74822K, capacity 77720K, committed 77872K, reserved 1116160K
  class space    used 9525K, capacity 10264K, committed 10288K, reserved 1048576K
Event: 359.753 GC heap after
Heap after GC invocations=28 (full 6):
 PSYoungGen      total 476160K, used 0K [0x00000000d5580000, 0x00000000f6600000, 0x0000000100000000)
  eden space 443904K, 0% used [0x00000000d5580000,0x00000000d5580000,0x00000000f0700000)
  from space 32256K, 0% used [0x00000000f3300000,0x00000000f3300000,0x00000000f5280000)
  to   space 45056K, 0% used [0x00000000f0700000,0x00000000f0700000,0x00000000f3300000)
 ParOldGen       total 193024K, used 103819K [0x0000000080000000, 0x000000008bc80000, 0x00000000d5580000)
  object space 193024K, 53% used [0x0000000080000000,0x0000000086562cd8,0x000000008bc80000)
 Metaspace       used 74822K, capacity 77720K, committed 77872K, reserved 1116160K
  class space    used 9525K, capacity 10264K, committed 10288K, reserved 1048576K
}
Event: 365.297 GC heap before
{Heap before GC invocations=29 (full 6):
 PSYoungGen      total 476160K, used 443904K [0x00000000d5580000, 0x00000000f6600000, 0x0000000100000000)
  eden space 443904K, 100% used [0x00000000d5580000,0x00000000f0700000,0x00000000f0700000)
  from space 32256K, 0% used [0x00000000f3300000,0x00000000f3300000,0x00000000f5280000)
  to   space 45056K, 0% used [0x00000000f0700000,0x00000000f0700000,0x00000000f3300000)
 ParOldGen       total 193024K, used 103819K [0x0000000080000000, 0x000000008bc80000, 0x00000000d5580000)
  object space 193024K, 53% used [0x0000000080000000,0x0000000086562cd8,0x000000008bc80000)
 Metaspace       used 74854K, capacity 77720K, committed 77872K, reserved 1116160K
  class space    used 9527K, capacity 10264K, committed 10288K, reserved 1048576K
Event: 365.508 GC heap after
Heap after GC invocations=29 (full 6):
 PSYoungGen      total 488960K, used 39446K [0x00000000d5580000, 0x00000000f6600000, 0x0000000100000000)
  eden space 443904K, 0% used [0x00000000d5580000,0x00000000d5580000,0x00000000f0700000)
  from space 45056K, 87% used [0x00000000f0700000,0x00000000f2d85938,0x00000000f3300000)
  to   space 32256K, 0% used [0x00000000f3300000,0x00000000f3300000,0x00000000f5280000)
 ParOldGen       total 193024K, used 103827K [0x0000000080000000, 0x000000008bc80000, 0x00000000d5580000)
  object space 193024K, 53% used [0x0000000080000000,0x0000000086564cd8,0x000000008bc80000)
 Metaspace       used 74854K, capacity 77720K, committed 77872K, reserved 1116160K
  class space    used 9527K, capacity 10264K, committed 10288K, reserved 1048576K
}
Event: 371.199 GC heap before
{Heap before GC invocations=30 (full 6):
 PSYoungGen      total 488960K, used 483350K [0x00000000d5580000, 0x00000000f6600000, 0x0000000100000000)
  eden space 443904K, 100% used [0x00000000d5580000,0x00000000f0700000,0x00000000f0700000)
  from space 45056K, 87% used [0x00000000f0700000,0x00000000f2d85938,0x00000000f3300000)
  to   space 32256K, 0% used [0x00000000f3300000,0x00000000f3300000,0x00000000f5280000)
 ParOldGen       total 193024K, used 103827K [0x0000000080000000, 0x000000008bc80000, 0x00000000d5580000)
  object space 193024K, 53% used [0x0000000080000000,0x0000000086564cd8,0x000000008bc80000)
 Metaspace       used 74876K, capacity 77720K, committed 77872K, reserved 1116160K
  class space    used 9527K, capacity 10264K, committed 10288K, reserved 1048576K
Event: 371.510 GC heap after
Heap after GC invocations=30 (full 6):
 PSYoungGen      total 476160K, used 32242K [0x00000000d5580000, 0x00000000f6600000, 0x0000000100000000)
  eden space 443904K, 0% used [0x00000000d5580000,0x00000000d5580000,0x00000000f0700000)
  from space 32256K, 99% used [0x00000000f3300000,0x00000000f527cbe0,0x00000000f5280000)
  to   space 45056K, 0% used [0x00000000f0700000,0x00000000f0700000,0x00000000f3300000)
 ParOldGen       total 193024K, used 149939K [0x0000000080000000, 0x000000008bc80000, 0x00000000d5580000)
  object space 193024K, 77% used [0x0000000080000000,0x000000008926cd40,0x000000008bc80000)
 Metaspace       used 74876K, capacity 77720K, committed 77872K, reserved 1116160K
  class space    used 9527K, capacity 10264K, committed 10288K, reserved 1048576K
}
Event: 377.726 GC heap before
{Heap before GC invocations=31 (full 6):
 PSYoungGen      total 476160K, used 476146K [0x00000000d5580000, 0x00000000f6600000, 0x0000000100000000)
  eden space 443904K, 100% used [0x00000000d5580000,0x00000000f0700000,0x00000000f0700000)
  from space 32256K, 99% used [0x00000000f3300000,0x00000000f527cbe0,0x00000000f5280000)
  to   space 45056K, 0% used [0x00000000f0700000,0x00000000f0700000,0x00000000f3300000)
 ParOldGen       total 193024K, used 149939K [0x0000000080000000, 0x000000008bc80000, 0x00000000d5580000)
  object space 193024K, 77% used [0x0000000080000000,0x000000008926cd40,0x000000008bc80000)
 Metaspace       used 74893K, capacity 77784K, committed 77872K, reserved 1116160K
  class space    used 9527K, capacity 10264K, committed 10288K, reserved 1048576K
Event: 378.146 GC heap after
Heap after GC invocations=31 (full 6):
 PSYoungGen      total 488960K, used 45040K [0x00000000d5580000, 0x00000000f6600000, 0x0000000100000000)
  eden space 443904K, 0% used [0x00000000d5580000,0x00000000d5580000,0x00000000f0700000)
  from space 45056K, 99% used [0x00000000f0700000,0x00000000f32fc220,0x00000000f3300000)
  to   space 32256K, 0% used [0x00000000f3300000,0x00000000f3300000,0x00000000f5280000)
 ParOldGen       total 193024K, used 185120K [0x0000000080000000, 0x000000008bc80000, 0x00000000d5580000)
  object space 193024K, 95% used [0x0000000080000000,0x000000008b4c8010,0x000000008bc80000)
 Metaspace       used 74893K, capacity 77784K, committed 77872K, reserved 1116160K
  class space    used 9527K, capacity 10264K, committed 10288K, reserved 1048576K
}
Event: 378.146 GC heap before
{Heap before GC invocations=32 (full 7):
 PSYoungGen      total 488960K, used 45040K [0x00000000d5580000, 0x00000000f6600000, 0x0000000100000000)
  eden space 443904K, 0% used [0x00000000d5580000,0x00000000d5580000,0x00000000f0700000)
  from space 45056K, 99% used [0x00000000f0700000,0x00000000f32fc220,0x00000000f3300000)
  to   space 32256K, 0% used [0x00000000f3300000,0x00000000f3300000,0x00000000f5280000)
 ParOldGen       total 193024K, used 185120K [0x0000000080000000, 0x000000008bc80000, 0x00000000d5580000)
  object space 193024K, 95% used [0x0000000080000000,0x000000008b4c8010,0x000000008bc80000)
 Metaspace       used 74893K, capacity 77784K, committed 77872K, reserved 1116160K
  class space    used 9527K, capacity 10264K, committed 10288K, reserved 1048576K
Event: 383.811 GC heap after
Heap after GC invocations=32 (full 7):
 PSYoungGen      total 488960K, used 5590K [0x00000000d5580000, 0x00000000f6600000, 0x0000000100000000)
  eden space 443904K, 0% used [0x00000000d5580000,0x00000000d5580000,0x00000000f0700000)
  from space 45056K, 12% used [0x00000000f0700000,0x00000000f0c75918,0x00000000f3300000)
  to   space 32256K, 0% used [0x00000000f3300000,0x00000000f3300000,0x00000000f5280000)
 ParOldGen       total 313856K, used 193003K [0x0000000080000000, 0x0000000093280000, 0x00000000d5580000)
  object space 313856K, 61% used [0x0000000080000000,0x000000008bc7ac28,0x0000000093280000)
 Metaspace       used 74893K, capacity 77784K, committed 77872K, reserved 1116160K
  class space    used 9527K, capacity 10264K, committed 10288K, reserved 1048576K
}

