# JRE version: OpenJDK Runtime Environment (8.0_76-b03) (build 1.8.0_76-release-b03)
# Java VM: OpenJDK 64-Bit Server VM (25.76-b03 mixed mode windows-amd64 compressed oops)
Heap:
 PSYoungGen      total 510464K, used 161603K [0x00000000d5580000, 0x0000000100000000, 0x0000000100000000)
  eden space 462848K, 34% used [0x00000000d5580000,0x00000000df350d18,0x00000000f1980000)
  from space 47616K, 0% used [0x00000000f1980000,0x00000000f1980000,0x00000000f4800000)
  to   space 68608K, 0% used [0x00000000fbd00000,0x00000000fbd00000,0x0000000100000000)
 ParOldGen       total 218112K, used 133038K [0x0000000080000000, 0x000000008d500000, 0x00000000d5580000)
  object space 218112K, 60% used [0x0000000080000000,0x00000000881ebaa8,0x000000008d500000)
 Metaspace       used 68778K, capacity 70518K, committed 70784K, reserved 1112064K
  class space    used 8623K, capacity 9014K, committed 9088K, reserved 1048576K
GC Heap History (10 events):
Event: 138.042 GC heap before
{Heap before GC invocations=22 (full 3):
 PSYoungGen      total 419840K, used 411318K [0x00000000d5580000, 0x00000000f0c80000, 0x0000000100000000)
  eden space 401408K, 100% used [0x00000000d5580000,0x00000000edd80000,0x00000000edd80000)
  from space 18432K, 53% used [0x00000000efa80000,0x00000000f042db90,0x00000000f0c80000)
  to   space 24064K, 0% used [0x00000000edd80000,0x00000000edd80000,0x00000000ef500000)
 ParOldGen       total 90624K, used 58054K [0x0000000080000000, 0x0000000085880000, 0x00000000d5580000)
  object space 90624K, 64% used [0x0000000080000000,0x00000000838b19c0,0x0000000085880000)
 Metaspace       used 68100K, capacity 69824K, committed 70016K, reserved 1110016K
  class space    used 8602K, capacity 9015K, committed 9088K, reserved 1048576K
Event: 138.318 GC heap after
Heap after GC invocations=22 (full 3):
 PSYoungGen      total 425472K, used 24063K [0x00000000d5580000, 0x00000000f6d80000, 0x0000000100000000)
  eden space 401408K, 0% used [0x00000000d5580000,0x00000000d5580000,0x00000000edd80000)
  from space 24064K, 99% used [0x00000000edd80000,0x00000000ef4ffdf8,0x00000000ef500000)
  to   space 38400K, 0% used [0x00000000f4800000,0x00000000f4800000,0x00000000f6d80000)
 ParOldGen       total 90624K, used 86658K [0x0000000080000000, 0x0000000085880000, 0x00000000d5580000)
  object space 90624K, 95% used [0x0000000080000000,0x00000000854a0b40,0x0000000085880000)
 Metaspace       used 68100K, capacity 69824K, committed 70016K, reserved 1110016K
  class space    used 8602K, capacity 9015K, committed 9088K, reserved 1048576K
}
Event: 138.319 GC heap before
{Heap before GC invocations=23 (full 4):
 PSYoungGen      total 425472K, used 24063K [0x00000000d5580000, 0x00000000f6d80000, 0x0000000100000000)
  eden space 401408K, 0% used [0x00000000d5580000,0x00000000d5580000,0x00000000edd80000)
  from space 24064K, 99% used [0x00000000edd80000,0x00000000ef4ffdf8,0x00000000ef500000)
  to   space 38400K, 0% used [0x00000000f4800000,0x00000000f4800000,0x00000000f6d80000)
 ParOldGen       total 90624K, used 86658K [0x0000000080000000, 0x0000000085880000, 0x00000000d5580000)
  object space 90624K, 95% used [0x0000000080000000,0x00000000854a0b40,0x0000000085880000)
 Metaspace       used 68100K, capacity 69824K, committed 70016K, reserved 1110016K
  class space    used 8602K, capacity 9015K, committed 9088K, reserved 1048576K
Event: 139.933 GC heap after
Heap after GC invocations=23 (full 4):
 PSYoungGen      total 425472K, used 0K [0x00000000d5580000, 0x00000000f6d80000, 0x0000000100000000)
  eden space 401408K, 0% used [0x00000000d5580000,0x00000000d5580000,0x00000000edd80000)
  from space 24064K, 0% used [0x00000000edd80000,0x00000000edd80000,0x00000000ef500000)
  to   space 38400K, 0% used [0x00000000f4800000,0x00000000f4800000,0x00000000f6d80000)
 ParOldGen       total 154112K, used 90336K [0x0000000080000000, 0x0000000089680000, 0x00000000d5580000)
  object space 154112K, 58% used [0x0000000080000000,0x0000000085838190,0x0000000089680000)
 Metaspace       used 68097K, capacity 69812K, committed 70016K, reserved 1110016K
  class space    used 8601K, capacity 9013K, committed 9088K, reserved 1048576K
}
Event: 145.529 GC heap before
{Heap before GC invocations=24 (full 4):
 PSYoungGen      total 425472K, used 401408K [0x00000000d5580000, 0x00000000f6d80000, 0x0000000100000000)
  eden space 401408K, 100% used [0x00000000d5580000,0x00000000edd80000,0x00000000edd80000)
  from space 24064K, 0% used [0x00000000edd80000,0x00000000edd80000,0x00000000ef500000)
  to   space 38400K, 0% used [0x00000000f4800000,0x00000000f4800000,0x00000000f6d80000)
 ParOldGen       total 154112K, used 90336K [0x0000000080000000, 0x0000000089680000, 0x00000000d5580000)
  object space 154112K, 58% used [0x0000000080000000,0x0000000085838190,0x0000000089680000)
 Metaspace       used 68719K, capacity 70454K, committed 70784K, reserved 1112064K
  class space    used 8621K, capacity 9014K, committed 9088K, reserved 1048576K
Event: 145.806 GC heap after
Heap after GC invocations=24 (full 4):
 PSYoungGen      total 501248K, used 38375K [0x00000000d5580000, 0x00000000f8800000, 0x0000000100000000)
  eden space 462848K, 0% used [0x00000000d5580000,0x00000000d5580000,0x00000000f1980000)
  from space 38400K, 99% used [0x00000000f4800000,0x00000000f6d79c20,0x00000000f6d80000)
  to   space 47616K, 0% used [0x00000000f1980000,0x00000000f1980000,0x00000000f4800000)
 ParOldGen       total 154112K, used 97849K [0x0000000080000000, 0x0000000089680000, 0x00000000d5580000)
  object space 154112K, 63% used [0x0000000080000000,0x0000000085f8e5a8,0x0000000089680000)
 Metaspace       used 68719K, capacity 70454K, committed 70784K, reserved 1112064K
  class space    used 8621K, capacity 9014K, committed 9088K, reserved 1048576K
}
Event: 150.435 GC heap before
{Heap before GC invocations=25 (full 4):
 PSYoungGen      total 501248K, used 501223K [0x00000000d5580000, 0x00000000f8800000, 0x0000000100000000)
  eden space 462848K, 100% used [0x00000000d5580000,0x00000000f1980000,0x00000000f1980000)
  from space 38400K, 99% used [0x00000000f4800000,0x00000000f6d79c20,0x00000000f6d80000)
  to   space 47616K, 0% used [0x00000000f1980000,0x00000000f1980000,0x00000000f4800000)
 ParOldGen       total 154112K, used 97849K [0x0000000080000000, 0x0000000089680000, 0x00000000d5580000)
  object space 154112K, 63% used [0x0000000080000000,0x0000000085f8e5a8,0x0000000089680000)
 Metaspace       used 68765K, capacity 70518K, committed 70784K, reserved 1112064K
  class space    used 8622K, capacity 9014K, committed 9088K, reserved 1048576K
Event: 150.798 GC heap after
Heap after GC invocations=25 (full 4):
 PSYoungGen      total 510464K, used 47589K [0x00000000d5580000, 0x0000000100000000, 0x0000000100000000)
  eden space 462848K, 0% used [0x00000000d5580000,0x00000000d5580000,0x00000000f1980000)
  from space 47616K, 99% used [0x00000000f1980000,0x00000000f47f9588,0x00000000f4800000)
  to   space 68608K, 0% used [0x00000000fbd00000,0x00000000fbd00000,0x0000000100000000)
 ParOldGen       total 154112K, used 133467K [0x0000000080000000, 0x0000000089680000, 0x00000000d5580000)
  object space 154112K, 86% used [0x0000000080000000,0x0000000088256cd8,0x0000000089680000)
 Metaspace       used 68765K, capacity 70518K, committed 70784K, reserved 1112064K
  class space    used 8622K, capacity 9014K, committed 9088K, reserved 1048576K
}
Event: 150.798 GC heap before
{Heap before GC invocations=26 (full 5):
 PSYoungGen      total 510464K, used 47589K [0x00000000d5580000, 0x0000000100000000, 0x0000000100000000)
  eden space 462848K, 0% used [0x00000000d5580000,0x00000000d5580000,0x00000000f1980000)
  from space 47616K, 99% used [0x00000000f1980000,0x00000000f47f9588,0x00000000f4800000)
  to   space 68608K, 0% used [0x00000000fbd00000,0x00000000fbd00000,0x0000000100000000)
 ParOldGen       total 154112K, used 133467K [0x0000000080000000, 0x0000000089680000, 0x00000000d5580000)
  object space 154112K, 86% used [0x0000000080000000,0x0000000088256cd8,0x0000000089680000)
 Metaspace       used 68765K, capacity 70518K, committed 70784K, reserved 1112064K
  class space    used 8622K, capacity 9014K, committed 9088K, reserved 1048576K
Event: 153.202 GC heap after
Heap after GC invocations=26 (full 5):
 PSYoungGen      total 510464K, used 0K [0x00000000d5580000, 0x0000000100000000, 0x0000000100000000)
  eden space 462848K, 0% used [0x00000000d5580000,0x00000000d5580000,0x00000000f1980000)
  from space 47616K, 0% used [0x00000000f1980000,0x00000000f1980000,0x00000000f4800000)
  to   space 68608K, 0% used [0x00000000fbd00000,0x00000000fbd00000,0x0000000100000000)
 ParOldGen       total 218112K, used 133038K [0x0000000080000000, 0x000000008d500000, 0x00000000d5580000)
  object space 218112K, 60% used [0x0000000080000000,0x00000000881ebaa8,0x000000008d500000)
 Metaspace       used 68765K, capacity 70518K, committed 70784K, reserved 1112064K
  class space    used 8622K, capacity 9014K, committed 9088K, reserved 1048576K
}

